2016-09-17T02:36:29-0400 [-] Unable to write to plugin cache /Library/Python/2.7/site-packages/twisted/plugins/dropin.cache: error number 13
2016-09-17T02:36:29-0400 [twisted.scripts._twistd_unix.UnixAppLogger#info] twistd 16.3.0 (/usr/bin/python 2.7.10) starting up.
2016-09-17T02:36:29-0400 [twisted.scripts._twistd_unix.UnixAppLogger#info] reactor class: twisted.internet.selectreactor.SelectReactor.
2016-09-17T02:36:29-0400 [-] Site starting on 8080
2016-09-17T02:36:29-0400 [twisted.web.server.Site#info] Starting factory <twisted.web.server.Site instance at 0x10783f560>
2016-09-17T02:42:32-0400 [-] Received SIGTERM, shutting down.
2016-09-17T02:42:32-0400 [-] (TCP Port 8080 Closed)
2016-09-17T02:42:32-0400 [twisted.web.server.Site#info] Stopping factory <twisted.web.server.Site instance at 0x10783f560>
2016-09-17T02:42:32-0400 [-] Main loop terminated.
2016-09-17T02:42:32-0400 [twisted.scripts._twistd_unix.UnixAppLogger#info] Server Shut Down.
2016-09-17T02:42:41-0400 [-] Unable to write to plugin cache /Library/Python/2.7/site-packages/twisted/plugins/dropin.cache: error number 13
2016-09-17T02:42:41-0400 [twisted.scripts._twistd_unix.UnixAppLogger#info] twistd 16.3.0 (/usr/bin/python 2.7.10) starting up.
2016-09-17T02:42:41-0400 [twisted.scripts._twistd_unix.UnixAppLogger#info] reactor class: twisted.internet.selectreactor.SelectReactor.
2016-09-17T02:42:41-0400 [-] Site starting on 8080
2016-09-17T02:42:41-0400 [twisted.web.server.Site#info] Starting factory <twisted.web.server.Site instance at 0x10a766638>
2016-09-17T02:44:28-0400 [-] Received SIGTERM, shutting down.
2016-09-17T02:44:28-0400 [-] (TCP Port 8080 Closed)
2016-09-17T02:44:28-0400 [twisted.web.server.Site#info] Stopping factory <twisted.web.server.Site instance at 0x10a766638>
2016-09-17T02:44:28-0400 [-] Main loop terminated.
2016-09-17T02:44:28-0400 [twisted.scripts._twistd_unix.UnixAppLogger#info] Server Shut Down.
2016-09-17T02:44:31-0400 [-] Unable to write to plugin cache /Library/Python/2.7/site-packages/twisted/plugins/dropin.cache: error number 13
2016-09-17T02:44:31-0400 [twisted.scripts._twistd_unix.UnixAppLogger#info] twistd 16.3.0 (/usr/bin/python 2.7.10) starting up.
2016-09-17T02:44:31-0400 [twisted.scripts._twistd_unix.UnixAppLogger#info] reactor class: twisted.internet.selectreactor.SelectReactor.
2016-09-17T02:44:31-0400 [-] Site starting on 8080
2016-09-17T02:44:31-0400 [twisted.web.server.Site#info] Starting factory <twisted.web.server.Site instance at 0x101f89560>
2016-09-17T02:46:01-0400 [-] Received SIGTERM, shutting down.
2016-09-17T02:46:01-0400 [-] (TCP Port 8080 Closed)
2016-09-17T02:46:01-0400 [twisted.web.server.Site#info] Stopping factory <twisted.web.server.Site instance at 0x101f89560>
2016-09-17T02:46:01-0400 [-] Main loop terminated.
2016-09-17T02:46:01-0400 [twisted.scripts._twistd_unix.UnixAppLogger#info] Server Shut Down.
2016-09-17T02:46:08-0400 [-] Unable to write to plugin cache /Library/Python/2.7/site-packages/twisted/plugins/dropin.cache: error number 13
2016-09-17T02:46:08-0400 [twisted.scripts._twistd_unix.UnixAppLogger#info] twistd 16.3.0 (/usr/bin/python 2.7.10) starting up.
2016-09-17T02:46:08-0400 [twisted.scripts._twistd_unix.UnixAppLogger#info] reactor class: twisted.internet.selectreactor.SelectReactor.
2016-09-17T02:46:08-0400 [-] Site starting on 8080
2016-09-17T02:46:08-0400 [twisted.web.server.Site#info] Starting factory <twisted.web.server.Site instance at 0x101c5c680>
2016-09-17T02:50:03-0400 [-] Received SIGTERM, shutting down.
2016-09-17T02:50:03-0400 [-] (TCP Port 8080 Closed)
2016-09-17T02:50:03-0400 [twisted.web.server.Site#info] Stopping factory <twisted.web.server.Site instance at 0x101c5c680>
2016-09-17T02:50:03-0400 [-] Main loop terminated.
2016-09-17T02:50:03-0400 [twisted.scripts._twistd_unix.UnixAppLogger#info] Server Shut Down.
