2016-11-13T20:25:10+0000 [twisted.scripts._twistd_unix.UnixAppLogger#info] twistd 16.5.0 (/home/wtobey/liars_poker/venv/bin/python 2.7.9) starting up.
2016-11-13T20:25:10+0000 [twisted.scripts._twistd_unix.UnixAppLogger#info] reactor class: twisted.internet.epollreactor.EPollReactor.
2016-11-13T20:25:10+0000 [-] MultiEchoFactory starting on 34137
2016-11-13T20:25:10+0000 [twisted.plugins.LiarsBackend.MultiEchoFactory#info] Starting factory <twisted.plugins.LiarsBackend.MultiEchoFactory instance at 0x7ff4cdaadf80>
2016-11-13T20:25:11+0000 [stdout#info] Build Protocol
2016-11-13T20:25:11+0000 [stdout#info] New Protocol
2016-11-13T20:25:11+0000 [stdout#info] New connection
2016-11-13T20:25:11+0000 [stdout#info] Data Recieved 2::3::170
2016-11-13T20:25:11+0000 [stdout#info] ID:  Handle Data: Type: 2Data: 170
2016-11-13T20:25:11+0000 [stdout#info] Player ID'D As: 170
2016-11-13T20:25:11+0000 [stdout#info] SENDING STRING: 00060007ID
2016-11-13T20:25:11+0000 [stdout#info] New iD to send 170
2016-11-13T20:25:11+0000 [stdout#info] Data Recieved 1::74::170+Will Tobey+will|173+Xander  Carlson +xcarldawg2012|170+Will Tobey+will0::73::<9d14932f 6bc125cd cbbeba13 db327eb0 ea9de2eb 0a0c3e09 fdd29810 ef2ad8de>
2016-11-13T20:25:11+0000 [stdout#info] ID: 170 Handle Data: Type: 1Data: 170+Will Tobey+will|173+Xander  Carlson +xcarldawg2012|170+Will Tobey+will
2016-11-13T20:25:11+0000 [stdout#info] Player ID List recieved
2016-11-13T20:25:11+0000 [stdout#info] New Player List170+Will Tobey+will|173+Xander  Carlson +xcarldawg2012|170+Will Tobey+will
2016-11-13T20:25:11+0000 [stdout#info] ID: 170 Handle Data: Type: 0Data: <9d14932f 6bc125cd cbbeba13 db327eb0 ea9de2eb 0a0c3e09 fdd29810 ef2ad8de>
2016-11-13T20:25:11+0000 [stdout#info] Data Dump
2016-11-13T20:25:11+0000 [stdout#info] ruby /home/wtobey/liars_poker/pushNotifications.rb -p 34137 -j /home/wtobey/liars_poker/Storage/GAME_vrjchpzyqobnxqmpvxwisezbbs/players.json
2016-11-13T20:25:11+0000 [stdout#info] Unknown Data Type
2016-11-13T20:25:11+0000 [stdout#info] Build Protocol
2016-11-13T20:25:11+0000 [stdout#info] New Protocol
2016-11-13T20:25:11+0000 [stdout#info] New connection
2016-11-13T20:25:11+0000 [stdout#info] Data Recieved 2::3::173
2016-11-13T20:25:11+0000 [stdout#info] ID:  Handle Data: Type: 2Data: 173
2016-11-13T20:25:11+0000 [stdout#info] Player ID'D As: 173
2016-11-13T20:25:11+0000 [stdout#info] SENDING STRING: 00060007ID
2016-11-13T20:25:11+0000 [stdout#info] New iD to send 173
2016-11-13T20:25:11+0000 [stdout#info] Player recieving ID 170
2016-11-13T20:25:11+0000 [stdout#info] SENDING STRING: 00070001173
2016-11-13T20:25:11+0000 [stdout#info] SENDING STRING: 00070001170
2016-11-13T20:25:11+0000 [stdout#info] SENDING STRING: 00780000170+Will Tobey+will|173+Xander  Carlson +xcarldawg2012|170+Will Tobey+will
2016-11-13T20:25:12+0000 [stdout#info] Data Recieved 3::5::BEGIN
2016-11-13T20:25:12+0000 [stdout#info] ID: 170 Handle Data: Type: 3Data: BEGIN
2016-11-13T20:25:12+0000 [stdout#info] Begin Game
2016-11-13T20:25:12+0000 [stdout#info] Self Player To Arrange [<twisted.plugins.LiarsBackend.Player object at 0x7ff4cdaa7690>, <twisted.plugins.LiarsBackend.Player object at 0x7ff4cdaa7990>]
2016-11-13T20:25:12+0000 [stdout#info] Player Length 2
2016-11-13T20:25:12+0000 [stdout#info] Player Length 1
2016-11-13T20:25:12+0000 [stdout#info] IDs 170|173
2016-11-13T20:25:12+0000 [stdout#info] SENDING STRING: 00110003170|173
2016-11-13T20:25:12+0000 [stdout#info] SENDING STRING: 00110003170|173
2016-11-13T20:25:12+0000 [stdout#info] {'173': 'L27592300P', '170': 'L36303775P'}
2016-11-13T20:25:12+0000 [stdout#info] 173+L27592300P
2016-11-13T20:25:12+0000 [stdout#info] ['173+L27592300P']
2016-11-13T20:25:12+0000 [stdout#info] 170+L36303775P
2016-11-13T20:25:12+0000 [stdout#info] ['173+L27592300P', '170+L36303775P']
2016-11-13T20:25:12+0000 [stdout#info] STrings['173+L27592300P', '170+L36303775P']
2016-11-13T20:25:12+0000 [stdout#info] SENDING STRING: 00330006173+L27592300P|170+L36303775P
2016-11-13T20:25:12+0000 [stdout#info] SENDING STRING: 00330006173+L27592300P|170+L36303775P
2016-11-13T20:25:20+0000 [stdout#info] Data Recieved 4::3::2+0
2016-11-13T20:25:20+0000 [stdout#info] ID: 170 Handle Data: Type: 4Data: 2+0
2016-11-13T20:25:20+0000 [stdout#info] Data Type 2
2016-11-13T20:25:20+0000 [stdout#info] SENDING STRING: 000700042+0
2016-11-13T20:25:46+0000 [stdout#info] Data Recieved 4::3::3+1
2016-11-13T20:25:46+0000 [stdout#info] ID: 173 Handle Data: Type: 4Data: 3+1
2016-11-13T20:25:46+0000 [stdout#info] Data Type 2
2016-11-13T20:25:46+0000 [stdout#info] SENDING STRING: 000700043+1
2016-11-13T20:25:52+0000 [stdout#info] Data Recieved 4::4::CALL
2016-11-13T20:25:52+0000 [stdout#info] ID: 170 Handle Data: Type: 4Data: CALL
2016-11-13T20:25:52+0000 [stdout#info] Data Type 2
2016-11-13T20:25:52+0000 [stdout#info] SENDING STRING: 00080005CALL
2016-11-13T20:25:52+0000 [stdout#info] SENDING STRING: 00330006173+L41162562P|170+L25923719P
2016-11-13T20:25:52+0000 [stdout#info] SENDING STRING: 00330006173+L41162562P|170+L25923719P
2016-11-13T20:26:18+0000 [stdout#info] Data Recieved 4::3::2+0
2016-11-13T20:26:18+0000 [stdout#info] ID: 173 Handle Data: Type: 4Data: 2+0
2016-11-13T20:26:18+0000 [stdout#info] Data Type 2
2016-11-13T20:26:18+0000 [stdout#info] SENDING STRING: 000700042+0
2016-11-13T20:26:27+0000 [stdout#info] Data Recieved 4::3::3+9
2016-11-13T20:26:27+0000 [stdout#info] ID: 170 Handle Data: Type: 4Data: 3+9
2016-11-13T20:26:27+0000 [stdout#info] Data Type 2
2016-11-13T20:26:27+0000 [stdout#info] SENDING STRING: 000700043+9
2016-11-13T20:26:30+0000 [stdout#info] Data Recieved 4::4::CALL
2016-11-13T20:26:30+0000 [stdout#info] ID: 173 Handle Data: Type: 4Data: CALL
2016-11-13T20:26:30+0000 [stdout#info] Data Type 2
2016-11-13T20:26:30+0000 [stdout#info] SENDING STRING: 00080005CALL
2016-11-13T20:26:30+0000 [stdout#info] SENDING STRING: 00330006173+L57711143P|170+L48459918P
2016-11-13T20:26:30+0000 [stdout#info] SENDING STRING: 00330006173+L57711143P|170+L48459918P
2016-11-13T20:27:09+0000 [stdout#info] Data Recieved 4::3::2+0
2016-11-13T20:27:09+0000 [stdout#info] ID: 170 Handle Data: Type: 4Data: 2+0
2016-11-13T20:27:09+0000 [stdout#info] Data Type 2
2016-11-13T20:27:09+0000 [stdout#info] SENDING STRING: 000700042+0
2016-11-13T20:27:25+0000 [stdout#info] Data Recieved 4::3::3+1
2016-11-13T20:27:25+0000 [stdout#info] ID: 173 Handle Data: Type: 4Data: 3+1
2016-11-13T20:27:25+0000 [stdout#info] Data Type 2
2016-11-13T20:27:25+0000 [stdout#info] SENDING STRING: 000700043+1
2016-11-13T20:27:36+0000 [stdout#info] Data Recieved 4::3::3+9
2016-11-13T20:27:36+0000 [stdout#info] ID: 170 Handle Data: Type: 4Data: 3+9
2016-11-13T20:27:36+0000 [stdout#info] Data Type 2
2016-11-13T20:27:36+0000 [stdout#info] SENDING STRING: 000700043+9
2016-11-13T20:27:39+0000 [stdout#info] Data Recieved 4::4::CALL
2016-11-13T20:27:39+0000 [stdout#info] ID: 173 Handle Data: Type: 4Data: CALL
2016-11-13T20:27:39+0000 [stdout#info] Data Type 2
2016-11-13T20:27:39+0000 [stdout#info] SENDING STRING: 00080005CALL
2016-11-13T20:27:39+0000 [stdout#info] SENDING STRING: 00330006173+L85328540P|170+L58265467P
2016-11-13T20:27:39+0000 [stdout#info] SENDING STRING: 00330006173+L85328540P|170+L58265467P
2016-11-13T20:28:16+0000 [stdout#info] Data Recieved 4::3::2+5
2016-11-13T20:28:16+0000 [stdout#info] ID: 170 Handle Data: Type: 4Data: 2+5
2016-11-13T20:28:16+0000 [stdout#info] Data Type 2
2016-11-13T20:28:16+0000 [stdout#info] SENDING STRING: 000700042+5
2016-11-13T20:28:31+0000 [stdout#info] Data Recieved 4::3::2+7
2016-11-13T20:28:31+0000 [stdout#info] ID: 173 Handle Data: Type: 4Data: 2+7
2016-11-13T20:28:31+0000 [stdout#info] Data Type 2
2016-11-13T20:28:31+0000 [stdout#info] SENDING STRING: 000700042+7
2016-11-13T20:28:37+0000 [stdout#info] Data Recieved 4::3::3+7
2016-11-13T20:28:37+0000 [stdout#info] ID: 170 Handle Data: Type: 4Data: 3+7
2016-11-13T20:28:37+0000 [stdout#info] Data Type 2
2016-11-13T20:28:37+0000 [stdout#info] SENDING STRING: 000700043+7
2016-11-13T20:28:43+0000 [stdout#info] Data Recieved 4::4::CALL
2016-11-13T20:28:43+0000 [stdout#info] ID: 173 Handle Data: Type: 4Data: CALL
2016-11-13T20:28:43+0000 [stdout#info] Data Type 2
2016-11-13T20:28:43+0000 [stdout#info] SENDING STRING: 00080005CALL
2016-11-13T20:28:43+0000 [stdout#info] SENDING STRING: 00330006173+L62962422P|170+L00334000P
2016-11-13T20:28:43+0000 [stdout#info] SENDING STRING: 00330006173+L62962422P|170+L00334000P
2016-11-13T20:29:08+0000 [stdout#info] Data Recieved 4::3::4+0
2016-11-13T20:29:08+0000 [stdout#info] ID: 170 Handle Data: Type: 4Data: 4+0
2016-11-13T20:29:08+0000 [stdout#info] Data Type 2
2016-11-13T20:29:08+0000 [stdout#info] SENDING STRING: 000700044+0
2016-11-13T20:29:43+0000 [stdout#info] Data Recieved 4::4::CALL
2016-11-13T20:29:43+0000 [stdout#info] ID: 173 Handle Data: Type: 4Data: CALL
2016-11-13T20:29:43+0000 [stdout#info] Data Type 2
2016-11-13T20:29:43+0000 [stdout#info] SENDING STRING: 00080005CALL
2016-11-13T20:29:43+0000 [stdout#info] SENDING STRING: 00330006173+L67392441P|170+L36336137P
2016-11-13T20:29:43+0000 [stdout#info] SENDING STRING: 00330006173+L67392441P|170+L36336137P
2016-11-13T20:30:12+0000 [stdout#info] Data Recieved 4::3::2+0
2016-11-13T20:30:12+0000 [stdout#info] ID: 170 Handle Data: Type: 4Data: 2+0
2016-11-13T20:30:12+0000 [stdout#info] Data Type 2
2016-11-13T20:30:12+0000 [stdout#info] SENDING STRING: 000700042+0
2016-11-13T20:31:40+0000 [stdout#info] Data Recieved 4::3::3+4
2016-11-13T20:31:40+0000 [stdout#info] ID: 173 Handle Data: Type: 4Data: 3+4
2016-11-13T20:31:40+0000 [stdout#info] Data Type 2
2016-11-13T20:31:40+0000 [stdout#info] SENDING STRING: 000700043+4
2016-11-13T20:31:49+0000 [stdout#info] Data Recieved 4::3::4+3
2016-11-13T20:31:49+0000 [stdout#info] ID: 170 Handle Data: Type: 4Data: 4+3
2016-11-13T20:31:49+0000 [stdout#info] Data Type 2
2016-11-13T20:31:49+0000 [stdout#info] SENDING STRING: 000700044+3
2016-11-13T20:31:56+0000 [stdout#info] Data Recieved 4::4::CALL
2016-11-13T20:31:56+0000 [stdout#info] ID: 173 Handle Data: Type: 4Data: CALL
2016-11-13T20:31:56+0000 [stdout#info] Data Type 2
2016-11-13T20:31:56+0000 [stdout#info] SENDING STRING: 00080005CALL
2016-11-13T20:31:56+0000 [stdout#info] SENDING STRING: 00330006173+L28378747P|170+L05810038P
2016-11-13T20:31:56+0000 [stdout#info] SENDING STRING: 00330006173+L28378747P|170+L05810038P
2016-11-13T20:32:21+0000 [stdout#info] Data Recieved 4::3::2+0
2016-11-13T20:32:21+0000 [stdout#info] ID: 170 Handle Data: Type: 4Data: 2+0
2016-11-13T20:32:21+0000 [stdout#info] Data Type 2
2016-11-13T20:32:21+0000 [stdout#info] SENDING STRING: 000700042+0
2016-11-13T20:33:08+0000 [stdout#info] Data Recieved 4::3::3+7
2016-11-13T20:33:08+0000 [stdout#info] ID: 173 Handle Data: Type: 4Data: 3+7
2016-11-13T20:33:08+0000 [stdout#info] Data Type 2
2016-11-13T20:33:08+0000 [stdout#info] SENDING STRING: 000700043+7
2016-11-13T20:33:10+0000 [stdout#info] Data Recieved 4::4::CALL
2016-11-13T20:33:10+0000 [stdout#info] ID: 170 Handle Data: Type: 4Data: CALL
2016-11-13T20:33:10+0000 [stdout#info] Data Type 2
2016-11-13T20:33:10+0000 [stdout#info] SENDING STRING: 00080005CALL
2016-11-13T20:33:10+0000 [stdout#info] SENDING STRING: 00330006173+L96451477P|170+L66175569P
2016-11-13T20:33:10+0000 [stdout#info] SENDING STRING: 00330006173+L96451477P|170+L66175569P
2016-11-13T20:33:37+0000 [stdout#info] Data Recieved 4::3::3+0
2016-11-13T20:33:37+0000 [stdout#info] ID: 173 Handle Data: Type: 4Data: 3+0
2016-11-13T20:33:37+0000 [stdout#info] Data Type 2
2016-11-13T20:33:37+0000 [stdout#info] SENDING STRING: 000700043+0
2016-11-13T20:33:52+0000 [stdout#info] Data Recieved 4::4::CALL
2016-11-13T20:33:52+0000 [stdout#info] ID: 170 Handle Data: Type: 4Data: CALL
2016-11-13T20:33:52+0000 [stdout#info] Data Type 2
2016-11-13T20:33:52+0000 [stdout#info] SENDING STRING: 00080005CALL
2016-11-13T20:33:52+0000 [stdout#info] SENDING STRING: 00330006173+L12821017P|170+L96806360P
2016-11-13T20:33:52+0000 [stdout#info] SENDING STRING: 00330006173+L12821017P|170+L96806360P
2016-11-13T20:34:25+0000 [stdout#info] Data Recieved 4::3::2+3
2016-11-13T20:34:25+0000 [stdout#info] ID: 173 Handle Data: Type: 4Data: 2+3
2016-11-13T20:34:25+0000 [stdout#info] Data Type 2
2016-11-13T20:34:25+0000 [stdout#info] SENDING STRING: 000700042+3
2016-11-13T20:34:35+0000 [stdout#info] Data Recieved 4::3::2+0
2016-11-13T20:34:35+0000 [stdout#info] ID: 170 Handle Data: Type: 4Data: 2+0
2016-11-13T20:34:35+0000 [stdout#info] Data Type 2
2016-11-13T20:34:35+0000 [stdout#info] SENDING STRING: 000700042+0
2016-11-13T20:34:43+0000 [stdout#info] Data Recieved 4::3::3+1
2016-11-13T20:34:43+0000 [stdout#info] ID: 173 Handle Data: Type: 4Data: 3+1
2016-11-13T20:34:43+0000 [stdout#info] Data Type 2
2016-11-13T20:34:43+0000 [stdout#info] SENDING STRING: 000700043+1
2016-11-13T20:34:51+0000 [stdout#info] Data Recieved 4::4::CALL
2016-11-13T20:34:51+0000 [stdout#info] ID: 170 Handle Data: Type: 4Data: CALL
2016-11-13T20:34:51+0000 [stdout#info] Data Type 2
2016-11-13T20:34:51+0000 [stdout#info] SENDING STRING: 00080005CALL
2016-11-13T20:34:51+0000 [stdout#info] SENDING STRING: 00330006173+L88096644P|170+L01822243P
2016-11-13T20:34:51+0000 [stdout#info] SENDING STRING: 00330006173+L88096644P|170+L01822243P
2016-11-13T20:35:22+0000 [stdout#info] Data Recieved 4::3::2+8
2016-11-13T20:35:22+0000 [stdout#info] ID: 173 Handle Data: Type: 4Data: 2+8
2016-11-13T20:35:22+0000 [stdout#info] Data Type 2
2016-11-13T20:35:22+0000 [stdout#info] SENDING STRING: 000700042+8
2016-11-13T20:35:33+0000 [stdout#info] Data Recieved 4::3::3+2
2016-11-13T20:35:33+0000 [stdout#info] ID: 170 Handle Data: Type: 4Data: 3+2
2016-11-13T20:35:33+0000 [stdout#info] Data Type 2
2016-11-13T20:35:33+0000 [stdout#info] SENDING STRING: 000700043+2
2016-11-13T20:35:39+0000 [stdout#info] Data Recieved 4::4::CALL
2016-11-13T20:35:39+0000 [stdout#info] ID: 173 Handle Data: Type: 4Data: CALL
2016-11-13T20:35:39+0000 [stdout#info] Data Type 2
2016-11-13T20:35:39+0000 [stdout#info] SENDING STRING: 00080005CALL
2016-11-13T20:35:39+0000 [stdout#info] SENDING STRING: 00330006173+L16896864P|170+L02474187P
2016-11-13T20:35:39+0000 [stdout#info] SENDING STRING: 00330006173+L16896864P|170+L02474187P
2016-11-13T20:35:59+0000 [stdout#info] Data Recieved 4::3::1+0
2016-11-13T20:35:59+0000 [stdout#info] ID: 170 Handle Data: Type: 4Data: 1+0
2016-11-13T20:35:59+0000 [stdout#info] Data Type 2
2016-11-13T20:35:59+0000 [stdout#info] SENDING STRING: 000700041+0
2016-11-13T20:36:17+0000 [stdout#info] Data Recieved 4::3::3+6
2016-11-13T20:36:17+0000 [stdout#info] ID: 173 Handle Data: Type: 4Data: 3+6
2016-11-13T20:36:17+0000 [stdout#info] Data Type 2
2016-11-13T20:36:17+0000 [stdout#info] SENDING STRING: 000700043+6
2016-11-13T20:36:22+0000 [stdout#info] Data Recieved 4::4::CALL
2016-11-13T20:36:22+0000 [stdout#info] ID: 170 Handle Data: Type: 4Data: CALL
2016-11-13T20:36:22+0000 [stdout#info] Data Type 2
2016-11-13T20:36:22+0000 [stdout#info] SENDING STRING: 00080005CALL
2016-11-13T20:36:22+0000 [stdout#info] SENDING STRING: 00330006173+L11317982P|170+L30596009P
2016-11-13T20:36:22+0000 [stdout#info] SENDING STRING: 00330006173+L11317982P|170+L30596009P
2016-11-13T20:36:54+0000 [stdout#info] Data Recieved 4::3::3+1
2016-11-13T20:36:54+0000 [stdout#info] ID: 173 Handle Data: Type: 4Data: 3+1
2016-11-13T20:36:54+0000 [stdout#info] Data Type 2
2016-11-13T20:36:54+0000 [stdout#info] SENDING STRING: 000700043+1
2016-11-13T20:37:04+0000 [stdout#info] Data Recieved 4::3::3+0
2016-11-13T20:37:04+0000 [stdout#info] ID: 170 Handle Data: Type: 4Data: 3+0
2016-11-13T20:37:04+0000 [stdout#info] Data Type 2
2016-11-13T20:37:04+0000 [stdout#info] SENDING STRING: 000700043+0
2016-11-13T20:37:13+0000 [stdout#info] Data Recieved 4::3::4+1
2016-11-13T20:37:13+0000 [stdout#info] ID: 173 Handle Data: Type: 4Data: 4+1
2016-11-13T20:37:13+0000 [stdout#info] Data Type 2
2016-11-13T20:37:13+0000 [stdout#info] SENDING STRING: 000700044+1
2016-11-13T20:37:48+0000 [stdout#info] Data Recieved 4::3::4+0
2016-11-13T20:37:48+0000 [stdout#info] ID: 170 Handle Data: Type: 4Data: 4+0
2016-11-13T20:37:48+0000 [stdout#info] Data Type 2
2016-11-13T20:37:48+0000 [stdout#info] SENDING STRING: 000700044+0
2016-11-13T20:37:52+0000 [stdout#info] Data Recieved 4::4::CALL
2016-11-13T20:37:52+0000 [stdout#info] ID: 173 Handle Data: Type: 4Data: CALL
2016-11-13T20:37:52+0000 [stdout#info] Data Type 2
2016-11-13T20:37:52+0000 [stdout#info] SENDING STRING: 00080005CALL
2016-11-13T20:37:52+0000 [stdout#info] SENDING STRING: 00330006173+L41245139P|170+L47473608P
2016-11-13T20:37:52+0000 [stdout#info] SENDING STRING: 00330006173+L41245139P|170+L47473608P
2016-11-13T20:38:17+0000 [stdout#info] Drop Connection
2016-11-13T20:38:17+0000 [MultiEcho,0,128.220.159.83] Unhandled Error
	Traceback (most recent call last):
	  File "/home/wtobey/liars_poker/venv/local/lib/python2.7/site-packages/twisted/application/app.py", line 310, in runReactorWithLogging
	    reactor.run()
	  File "/home/wtobey/liars_poker/venv/local/lib/python2.7/site-packages/twisted/internet/base.py", line 1195, in run
	    self.mainLoop()
	  File "/home/wtobey/liars_poker/venv/local/lib/python2.7/site-packages/twisted/internet/base.py", line 1207, in mainLoop
	    self.doIteration(t)
	  File "/home/wtobey/liars_poker/venv/local/lib/python2.7/site-packages/twisted/internet/epollreactor.py", line 235, in doPoll
	    log.callWithLogger(selectable, _drdw, selectable, fd, event)
	--- <exception caught here> ---
	  File "/home/wtobey/liars_poker/venv/local/lib/python2.7/site-packages/twisted/python/log.py", line 101, in callWithLogger
	    return callWithContext({"system": lp}, func, *args, **kw)
	  File "/home/wtobey/liars_poker/venv/local/lib/python2.7/site-packages/twisted/python/log.py", line 84, in callWithContext
	    return context.call({ILogContext: newCtx}, func, *args, **kw)
	  File "/home/wtobey/liars_poker/venv/local/lib/python2.7/site-packages/twisted/python/context.py", line 118, in callWithContext
	    return self.currentContext().callWithContext(ctx, func, *args, **kw)
	  File "/home/wtobey/liars_poker/venv/local/lib/python2.7/site-packages/twisted/python/context.py", line 81, in callWithContext
	    return func(*args,**kw)
	  File "/home/wtobey/liars_poker/venv/local/lib/python2.7/site-packages/twisted/internet/posixbase.py", line 610, in _doReadOrWrite
	    self._disconnectSelectable(selectable, why, inRead)
	  File "/home/wtobey/liars_poker/venv/local/lib/python2.7/site-packages/twisted/internet/posixbase.py", line 252, in _disconnectSelectable
	    selectable.readConnectionLost(f)
	  File "/home/wtobey/liars_poker/venv/local/lib/python2.7/site-packages/twisted/internet/tcp.py", line 272, in readConnectionLost
	    self.connectionLost(reason)
	  File "/home/wtobey/liars_poker/venv/local/lib/python2.7/site-packages/twisted/internet/tcp.py", line 292, in connectionLost
	    protocol.connectionLost(reason)
	  File "/home/wtobey/liars_poker/twisted/plugins/LiarsBackend.py", line 225, in connectionLost
	    self.factory.gameState.players.remove(self)
	exceptions.ValueError: list.remove(x): x not in list
	
2016-11-13T20:42:53+0000 [stdout#info] Drop Connection
2016-11-13T20:42:53+0000 [MultiEcho,1,166.171.186.93] Unhandled Error
	Traceback (most recent call last):
	  File "/home/wtobey/liars_poker/venv/local/lib/python2.7/site-packages/twisted/application/app.py", line 310, in runReactorWithLogging
	    reactor.run()
	  File "/home/wtobey/liars_poker/venv/local/lib/python2.7/site-packages/twisted/internet/base.py", line 1195, in run
	    self.mainLoop()
	  File "/home/wtobey/liars_poker/venv/local/lib/python2.7/site-packages/twisted/internet/base.py", line 1207, in mainLoop
	    self.doIteration(t)
	  File "/home/wtobey/liars_poker/venv/local/lib/python2.7/site-packages/twisted/internet/epollreactor.py", line 235, in doPoll
	    log.callWithLogger(selectable, _drdw, selectable, fd, event)
	--- <exception caught here> ---
	  File "/home/wtobey/liars_poker/venv/local/lib/python2.7/site-packages/twisted/python/log.py", line 101, in callWithLogger
	    return callWithContext({"system": lp}, func, *args, **kw)
	  File "/home/wtobey/liars_poker/venv/local/lib/python2.7/site-packages/twisted/python/log.py", line 84, in callWithContext
	    return context.call({ILogContext: newCtx}, func, *args, **kw)
	  File "/home/wtobey/liars_poker/venv/local/lib/python2.7/site-packages/twisted/python/context.py", line 118, in callWithContext
	    return self.currentContext().callWithContext(ctx, func, *args, **kw)
	  File "/home/wtobey/liars_poker/venv/local/lib/python2.7/site-packages/twisted/python/context.py", line 81, in callWithContext
	    return func(*args,**kw)
	  File "/home/wtobey/liars_poker/venv/local/lib/python2.7/site-packages/twisted/internet/posixbase.py", line 610, in _doReadOrWrite
	    self._disconnectSelectable(selectable, why, inRead)
	  File "/home/wtobey/liars_poker/venv/local/lib/python2.7/site-packages/twisted/internet/posixbase.py", line 252, in _disconnectSelectable
	    selectable.readConnectionLost(f)
	  File "/home/wtobey/liars_poker/venv/local/lib/python2.7/site-packages/twisted/internet/tcp.py", line 272, in readConnectionLost
	    self.connectionLost(reason)
	  File "/home/wtobey/liars_poker/venv/local/lib/python2.7/site-packages/twisted/internet/tcp.py", line 292, in connectionLost
	    protocol.connectionLost(reason)
	  File "/home/wtobey/liars_poker/twisted/plugins/LiarsBackend.py", line 225, in connectionLost
	    self.factory.gameState.players.remove(self)
	exceptions.ValueError: list.remove(x): x not in list
	
